<?xml version="1.0" encoding="UTF-8"?>
<!-- Generated by org.testng.reporters.JUnitXMLReporter -->
<testsuite ignored="3" hostname="LAPTOP-NDDB1313" failures="0" tests="3" name="Grouping Test" time="0.082" errors="0" timestamp="2025-07-30T20:58:45 IST">
  <testcase classname="testng.GroupingTest" name="smokeTest1" time="0.01"/>
  <testcase classname="testng.GroupingTest" name="smokeTest2" time="0.002"/>
  <testcase classname="testng.GroupingTest" name="smokeTest3" time="0.001"/>
  <testcase classname="testng.GroupingTest" name="sanityTest3" time="0.0">
    <ignored/>
  </testcase> <!-- sanityTest3 -->
  <testcase classname="testng.GroupingTest" name="sanityTest1" time="0.0">
    <ignored/>
  </testcase> <!-- sanityTest1 -->
  <testcase classname="testng.GroupingTest" name="sanityTest2" time="0.0">
    <ignored/>
  </testcase> <!-- sanityTest2 -->
</testsuite> <!-- Grouping Test -->
