<?xml version="1.0" encoding="UTF-8"?>
<!-- Generated by org.testng.reporters.JUnitXMLReporter -->
<testsuite ignored="0" hostname="LAPTOP-NDDB1313" failures="0" tests="4" name="Sample Test" time="3.349" errors="0" timestamp="2025-07-30T20:35:16 IST">
  <testcase classname="testng.SampleAnnotations" name="test1" time="0.009"/>
  <testcase classname="testng.SampleAnnotations" name="test2" time="0.003"/>
  <testcase classname="testng.WebDriverTest" name="login" time="0.412"/>
  <testcase classname="testng.WebDriverTest" name="logout" time="0.585"/>
</testsuite> <!-- Sample Test -->
